{"/home/webreflection/code/introspected/introspected.js":{"path":"/home/webreflection/code/introspected/introspected.js","s":{"1":1,"2":1,"3":1,"4":1,"5":1,"6":1,"7":1,"8":1,"9":4,"10":1,"11":1,"12":1,"13":1,"14":1,"15":1,"16":9,"17":9,"18":8,"19":6,"20":6,"21":6,"22":6,"23":21,"24":21,"25":6,"26":6,"27":6,"28":9,"29":1,"30":2,"31":1,"32":11,"33":3,"34":88,"35":31,"36":4,"37":41,"38":41,"39":12,"40":12,"41":16,"42":15,"43":15,"44":15,"45":16,"46":1,"47":9,"48":9,"49":9,"50":22,"51":9,"52":1,"53":15,"54":15,"55":15,"56":15,"57":12,"58":12,"59":15,"60":1,"61":52,"62":52,"63":52,"64":1,"65":63,"66":10,"67":53,"68":21,"69":21,"70":32,"71":1,"72":52,"73":1,"74":18,"75":18,"76":16,"77":16,"78":22,"79":22,"80":11,"81":16,"82":16,"83":14,"84":8,"85":16,"86":5,"87":5,"88":16,"89":2,"90":1,"91":1,"92":2,"93":1,"94":1,"95":2,"96":7,"97":1,"98":1,"99":1},"b":{"1":[8,1],"2":[6,15],"3":[21,6],"4":[1,1],"5":[2,1,1],"6":[31,2,4,41,12],"7":[15,1],"8":[2,14],"9":[10,53],"10":[10,9],"11":[21,32],"12":[53,21],"13":[5,16],"14":[1,20],"15":[20,15],"16":[13,39],"17":[16,2],"18":[18,16,14],"19":[12,4],"20":[16,14],"21":[14,2],"22":[5,11],"23":[1,1],"24":[3,4],"25":[7,4]},"f":{"1":6,"2":2,"3":11,"4":3,"5":88,"6":16,"7":9,"8":15,"9":52,"10":63,"11":52,"12":18,"13":22},"fnMap":{"1":{"name":"(anonymous_1)","line":34,"loc":{"start":{"line":34,"column":11},"end":{"line":34,"column":14}}},"2":{"name":"(anonymous_2)","line":54,"loc":{"start":{"line":54,"column":18},"end":{"line":54,"column":33}}},"3":{"name":"(anonymous_3)","line":60,"loc":{"start":{"line":60,"column":18},"end":{"line":60,"column":21}}},"4":{"name":"(anonymous_4)","line":64,"loc":{"start":{"line":64,"column":7},"end":{"line":64,"column":22}}},"5":{"name":"(anonymous_5)","line":68,"loc":{"start":{"line":68,"column":7},"end":{"line":68,"column":22}}},"6":{"name":"(anonymous_6)","line":87,"loc":{"start":{"line":87,"column":7},"end":{"line":87,"column":29}}},"7":{"name":"importArray","line":97,"loc":{"start":{"line":97,"column":2},"end":{"line":97,"column":46}}},"8":{"name":"importObject","line":106,"loc":{"start":{"line":106,"column":2},"end":{"line":106,"column":47}}},"9":{"name":"register","line":117,"loc":{"start":{"line":117,"column":2},"end":{"line":117,"column":45}}},"10":{"name":"setValue","line":127,"loc":{"start":{"line":127,"column":2},"end":{"line":127,"column":57}}},"11":{"name":"wrap","line":146,"loc":{"start":{"line":146,"column":2},"end":{"line":146,"column":24}}},"12":{"name":"Introspected","line":152,"loc":{"start":{"line":152,"column":2},"end":{"line":152,"column":42}}},"13":{"name":"(anonymous_13)","line":160,"loc":{"start":{"line":160,"column":8},"end":{"line":160,"column":24}}}},"statementMap":{"1":{"start":{"line":2,"column":0},"end":{"line":193,"column":11}},"2":{"start":{"line":2,"column":28},"end":{"line":2,"column":41}},"3":{"start":{"line":5,"column":2},"end":{"line":5,"column":40}},"4":{"start":{"line":6,"column":2},"end":{"line":6,"column":40}},"5":{"start":{"line":7,"column":2},"end":{"line":7,"column":26}},"6":{"start":{"line":8,"column":2},"end":{"line":8,"column":46}},"7":{"start":{"line":9,"column":2},"end":{"line":9,"column":24}},"8":{"start":{"line":10,"column":2},"end":{"line":10,"column":31}},"9":{"start":{"line":10,"column":28},"end":{"line":10,"column":30}},"10":{"start":{"line":11,"column":2},"end":{"line":11,"column":42}},"11":{"start":{"line":12,"column":2},"end":{"line":12,"column":32}},"12":{"start":{"line":13,"column":2},"end":{"line":13,"column":22}},"13":{"start":{"line":14,"column":2},"end":{"line":14,"column":41}},"14":{"start":{"line":18,"column":2},"end":{"line":18,"column":30}},"15":{"start":{"line":21,"column":2},"end":{"line":49,"column":9}},"16":{"start":{"line":32,"column":4},"end":{"line":32,"column":34}},"17":{"start":{"line":33,"column":4},"end":{"line":47,"column":6}},"18":{"start":{"line":33,"column":12},"end":{"line":47,"column":6}},"19":{"start":{"line":35,"column":8},"end":{"line":35,"column":49}},"20":{"start":{"line":36,"column":8},"end":{"line":36,"column":35}},"21":{"start":{"line":37,"column":8},"end":{"line":37,"column":37}},"22":{"start":{"line":38,"column":8},"end":{"line":43,"column":9}},"23":{"start":{"line":39,"column":10},"end":{"line":39,"column":32}},"24":{"start":{"line":40,"column":10},"end":{"line":42,"column":11}},"25":{"start":{"line":41,"column":12},"end":{"line":41,"column":53}},"26":{"start":{"line":44,"column":8},"end":{"line":44,"column":27}},"27":{"start":{"line":45,"column":8},"end":{"line":45,"column":22}},"28":{"start":{"line":48,"column":4},"end":{"line":48,"column":22}},"29":{"start":{"line":52,"column":2},"end":{"line":95,"column":4}},"30":{"start":{"line":55,"column":6},"end":{"line":57,"column":7}},"31":{"start":{"line":56,"column":8},"end":{"line":56,"column":34}},"32":{"start":{"line":61,"column":8},"end":{"line":61,"column":22}},"33":{"start":{"line":65,"column":8},"end":{"line":65,"column":30}},"34":{"start":{"line":69,"column":6},"end":{"line":84,"column":7}},"35":{"start":{"line":71,"column":10},"end":{"line":71,"column":30}},"36":{"start":{"line":74,"column":10},"end":{"line":74,"column":29}},"37":{"start":{"line":76,"column":10},"end":{"line":76,"column":30}},"38":{"start":{"line":76,"column":23},"end":{"line":76,"column":29}},"39":{"start":{"line":78,"column":10},"end":{"line":78,"column":41}},"40":{"start":{"line":79,"column":10},"end":{"line":83,"column":15}},"41":{"start":{"line":88,"column":6},"end":{"line":92,"column":7}},"42":{"start":{"line":89,"column":8},"end":{"line":89,"column":39}},"43":{"start":{"line":90,"column":8},"end":{"line":90,"column":54}},"44":{"start":{"line":91,"column":8},"end":{"line":91,"column":21}},"45":{"start":{"line":93,"column":6},"end":{"line":93,"column":18}},"46":{"start":{"line":97,"column":2},"end":{"line":104,"column":3}},"47":{"start":{"line":98,"column":4},"end":{"line":98,"column":32}},"48":{"start":{"line":99,"column":4},"end":{"line":99,"column":33}},"49":{"start":{"line":100,"column":4},"end":{"line":102,"column":5}},"50":{"start":{"line":101,"column":6},"end":{"line":101,"column":52}},"51":{"start":{"line":103,"column":4},"end":{"line":103,"column":44}},"52":{"start":{"line":106,"column":2},"end":{"line":115,"column":3}},"53":{"start":{"line":107,"column":4},"end":{"line":107,"column":35}},"54":{"start":{"line":108,"column":4},"end":{"line":108,"column":37}},"55":{"start":{"line":109,"column":4},"end":{"line":109,"column":32}},"56":{"start":{"line":110,"column":4},"end":{"line":113,"column":5}},"57":{"start":{"line":111,"column":6},"end":{"line":111,"column":27}},"58":{"start":{"line":112,"column":6},"end":{"line":112,"column":58}},"59":{"start":{"line":114,"column":4},"end":{"line":114,"column":44}},"60":{"start":{"line":117,"column":2},"end":{"line":125,"column":3}},"61":{"start":{"line":118,"column":4},"end":{"line":122,"column":6}},"62":{"start":{"line":123,"column":4},"end":{"line":123,"column":28}},"63":{"start":{"line":124,"column":4},"end":{"line":124,"column":16}},"64":{"start":{"line":127,"column":2},"end":{"line":144,"column":3}},"65":{"start":{"line":128,"column":4},"end":{"line":143,"column":5}},"66":{"start":{"line":129,"column":6},"end":{"line":132,"column":10}},"67":{"start":{"line":133,"column":11},"end":{"line":143,"column":5}},"68":{"start":{"line":134,"column":6},"end":{"line":135,"column":45}},"69":{"start":{"line":136,"column":6},"end":{"line":140,"column":12}},"70":{"start":{"line":142,"column":6},"end":{"line":142,"column":27}},"71":{"start":{"line":146,"column":2},"end":{"line":150,"column":3}},"72":{"start":{"line":147,"column":4},"end":{"line":149,"column":45}},"73":{"start":{"line":152,"column":2},"end":{"line":184,"column":3}},"74":{"start":{"line":153,"column":4},"end":{"line":153,"column":34}},"75":{"start":{"line":154,"column":4},"end":{"line":183,"column":5}},"76":{"start":{"line":158,"column":6},"end":{"line":158,"column":66}},"77":{"start":{"line":159,"column":6},"end":{"line":166,"column":8}},"78":{"start":{"line":161,"column":10},"end":{"line":161,"column":44}},"79":{"start":{"line":162,"column":10},"end":{"line":162,"column":52}},"80":{"start":{"line":162,"column":33},"end":{"line":162,"column":50}},"81":{"start":{"line":167,"column":6},"end":{"line":167,"column":27}},"82":{"start":{"line":168,"column":6},"end":{"line":170,"column":8}},"83":{"start":{"line":168,"column":19},"end":{"line":170,"column":8}},"84":{"start":{"line":169,"column":16},"end":{"line":169,"column":70}},"85":{"start":{"line":171,"column":6},"end":{"line":174,"column":7}},"86":{"start":{"line":172,"column":8},"end":{"line":172,"column":31}},"87":{"start":{"line":173,"column":8},"end":{"line":173,"column":29}},"88":{"start":{"line":175,"column":6},"end":{"line":175,"column":20}},"89":{"start":{"line":177,"column":6},"end":{"line":181,"column":7}},"90":{"start":{"line":178,"column":8},"end":{"line":178,"column":53}},"91":{"start":{"line":180,"column":8},"end":{"line":180,"column":29}},"92":{"start":{"line":182,"column":6},"end":{"line":182,"column":20}},"93":{"start":{"line":186,"column":2},"end":{"line":186,"column":38}},"94":{"start":{"line":188,"column":2},"end":{"line":189,"column":64}},"95":{"start":{"line":189,"column":4},"end":{"line":189,"column":63}},"96":{"start":{"line":189,"column":26},"end":{"line":189,"column":55}},"97":{"start":{"line":191,"column":2},"end":{"line":191,"column":22}},"98":{"start":{"line":195,"column":0},"end":{"line":195,"column":52}},"99":{"start":{"line":195,"column":6},"end":{"line":195,"column":36}}},"branchMap":{"1":{"line":33,"type":"if","locations":[{"start":{"line":33,"column":4},"end":{"line":33,"column":4}},{"start":{"line":33,"column":4},"end":{"line":33,"column":4}}]},"2":{"line":40,"type":"if","locations":[{"start":{"line":40,"column":10},"end":{"line":40,"column":10}},{"start":{"line":40,"column":10},"end":{"line":40,"column":10}}]},"3":{"line":40,"type":"binary-expr","locations":[{"start":{"line":40,"column":14},"end":{"line":40,"column":39}},{"start":{"line":40,"column":43},"end":{"line":40,"column":56}}]},"4":{"line":55,"type":"if","locations":[{"start":{"line":55,"column":6},"end":{"line":55,"column":6}},{"start":{"line":55,"column":6},"end":{"line":55,"column":6}}]},"5":{"line":55,"type":"binary-expr","locations":[{"start":{"line":55,"column":10},"end":{"line":55,"column":24}},{"start":{"line":55,"column":28},"end":{"line":55,"column":47}},{"start":{"line":55,"column":51},"end":{"line":55,"column":68}}]},"6":{"line":69,"type":"switch","locations":[{"start":{"line":70,"column":8},"end":{"line":71,"column":30}},{"start":{"line":72,"column":8},"end":{"line":72,"column":34}},{"start":{"line":73,"column":8},"end":{"line":74,"column":29}},{"start":{"line":75,"column":8},"end":{"line":76,"column":30}},{"start":{"line":77,"column":8},"end":{"line":83,"column":15}}]},"7":{"line":88,"type":"if","locations":[{"start":{"line":88,"column":6},"end":{"line":88,"column":6}},{"start":{"line":88,"column":6},"end":{"line":88,"column":6}}]},"8":{"line":88,"type":"cond-expr","locations":[{"start":{"line":88,"column":28},"end":{"line":88,"column":40}},{"start":{"line":88,"column":43},"end":{"line":88,"column":49}}]},"9":{"line":128,"type":"if","locations":[{"start":{"line":128,"column":4},"end":{"line":128,"column":4}},{"start":{"line":128,"column":4},"end":{"line":128,"column":4}}]},"10":{"line":130,"type":"binary-expr","locations":[{"start":{"line":130,"column":8},"end":{"line":130,"column":24}},{"start":{"line":131,"column":8},"end":{"line":131,"column":55}}]},"11":{"line":133,"type":"if","locations":[{"start":{"line":133,"column":11},"end":{"line":133,"column":11}},{"start":{"line":133,"column":11},"end":{"line":133,"column":11}}]},"12":{"line":133,"type":"binary-expr","locations":[{"start":{"line":133,"column":14},"end":{"line":133,"column":39}},{"start":{"line":133,"column":43},"end":{"line":133,"column":56}}]},"13":{"line":134,"type":"cond-expr","locations":[{"start":{"line":135,"column":22},"end":{"line":135,"column":36}},{"start":{"line":135,"column":39},"end":{"line":135,"column":44}}]},"14":{"line":136,"type":"cond-expr","locations":[{"start":{"line":137,"column":8},"end":{"line":137,"column":14}},{"start":{"line":137,"column":17},"end":{"line":140,"column":11}}]},"15":{"line":138,"type":"binary-expr","locations":[{"start":{"line":138,"column":10},"end":{"line":138,"column":27}},{"start":{"line":139,"column":10},"end":{"line":139,"column":59}}]},"16":{"line":147,"type":"cond-expr","locations":[{"start":{"line":148,"column":6},"end":{"line":148,"column":44}},{"start":{"line":149,"column":6},"end":{"line":149,"column":44}}]},"17":{"line":154,"type":"if","locations":[{"start":{"line":154,"column":4},"end":{"line":154,"column":4}},{"start":{"line":154,"column":4},"end":{"line":154,"column":4}}]},"18":{"line":154,"type":"binary-expr","locations":[{"start":{"line":154,"column":8},"end":{"line":154,"column":14}},{"start":{"line":155,"column":6},"end":{"line":155,"column":39}},{"start":{"line":156,"column":6},"end":{"line":156,"column":24}}]},"19":{"line":158,"type":"cond-expr","locations":[{"start":{"line":158,"column":48},"end":{"line":158,"column":60}},{"start":{"line":158,"column":63},"end":{"line":158,"column":65}}]},"20":{"line":158,"type":"binary-expr","locations":[{"start":{"line":158,"column":19},"end":{"line":158,"column":25}},{"start":{"line":158,"column":29},"end":{"line":158,"column":45}}]},"21":{"line":168,"type":"if","locations":[{"start":{"line":168,"column":6},"end":{"line":168,"column":6}},{"start":{"line":168,"column":6},"end":{"line":168,"column":6}}]},"22":{"line":171,"type":"if","locations":[{"start":{"line":171,"column":6},"end":{"line":171,"column":6}},{"start":{"line":171,"column":6},"end":{"line":171,"column":6}}]},"23":{"line":177,"type":"if","locations":[{"start":{"line":177,"column":6},"end":{"line":177,"column":6}},{"start":{"line":177,"column":6},"end":{"line":177,"column":6}}]},"24":{"line":189,"type":"cond-expr","locations":[{"start":{"line":189,"column":42},"end":{"line":189,"column":46}},{"start":{"line":189,"column":49},"end":{"line":189,"column":55}}]},"25":{"line":189,"type":"binary-expr","locations":[{"start":{"line":189,"column":27},"end":{"line":189,"column":28}},{"start":{"line":189,"column":32},"end":{"line":189,"column":38}}]}}}}