{"/home/webreflection/code/introspected/introspected.js":{"path":"/home/webreflection/code/introspected/introspected.js","s":{"1":1,"2":1,"3":1,"4":1,"5":1,"6":4,"7":1,"8":1,"9":1,"10":1,"11":1,"12":1,"13":1,"14":1,"15":9,"16":9,"17":8,"18":5,"19":5,"20":5,"21":5,"22":5,"23":18,"24":18,"25":3,"26":5,"27":2,"28":5,"29":9,"30":1,"31":2,"32":1,"33":4,"34":3,"35":80,"36":25,"37":4,"38":42,"39":42,"40":9,"41":9,"42":9,"43":14,"44":13,"45":13,"46":13,"47":13,"48":6,"49":14,"50":1,"51":16,"52":1,"53":10,"54":10,"55":10,"56":10,"57":17,"58":10,"59":1,"60":17,"61":17,"62":17,"63":17,"64":10,"65":10,"66":17,"67":1,"68":27,"69":27,"70":1,"71":45,"72":8,"73":37,"74":11,"75":11,"76":26,"77":1,"78":39,"79":12,"80":39,"81":1,"82":5,"83":5,"84":5,"85":9,"86":9,"87":5,"88":5,"89":5,"90":2,"91":5,"92":1,"93":2,"94":7,"95":1,"96":1,"97":1},"b":{"1":[8,1],"2":[3,15],"3":[18,18],"4":[2,3],"5":[1,1],"6":[2,1,1],"7":[25,2,4,42,9],"8":[13,1],"9":[1,13],"10":[6,7],"11":[4,12],"12":[11,1],"13":[3,8],"14":[8,37],"15":[1,7],"16":[11,26],"17":[37,37],"18":[2,9],"19":[2,9],"20":[12,27],"21":[1,4],"22":[1,4],"23":[5,5],"24":[3,4],"25":[7,4]},"f":{"1":5,"2":2,"3":4,"4":3,"5":80,"6":14,"7":16,"8":10,"9":17,"10":27,"11":45,"12":39},"fnMap":{"1":{"name":"(anonymous_1)","line":33,"loc":{"start":{"line":33,"column":13},"end":{"line":33,"column":32}}},"2":{"name":"(anonymous_2)","line":54,"loc":{"start":{"line":54,"column":18},"end":{"line":54,"column":33}}},"3":{"name":"(anonymous_3)","line":60,"loc":{"start":{"line":60,"column":18},"end":{"line":60,"column":21}}},"4":{"name":"(anonymous_4)","line":64,"loc":{"start":{"line":64,"column":7},"end":{"line":64,"column":22}}},"5":{"name":"(anonymous_5)","line":68,"loc":{"start":{"line":68,"column":7},"end":{"line":68,"column":22}}},"6":{"name":"(anonymous_6)","line":87,"loc":{"start":{"line":87,"column":7},"end":{"line":87,"column":29}}},"7":{"name":"Introspected","line":98,"loc":{"start":{"line":98,"column":2},"end":{"line":98,"column":40}}},"8":{"name":"importArray","line":109,"loc":{"start":{"line":109,"column":2},"end":{"line":109,"column":45}}},"9":{"name":"importObject","line":119,"loc":{"start":{"line":119,"column":2},"end":{"line":119,"column":46}}},"10":{"name":"proxyIntrospected","line":130,"loc":{"start":{"line":130,"column":2},"end":{"line":130,"column":43}}},"11":{"name":"setValue","line":135,"loc":{"start":{"line":135,"column":2},"end":{"line":135,"column":56}}},"12":{"name":"withObserver","line":150,"loc":{"start":{"line":150,"column":2},"end":{"line":150,"column":41}}}},"statementMap":{"1":{"start":{"line":2,"column":0},"end":{"line":172,"column":5}},"2":{"start":{"line":2,"column":27},"end":{"line":2,"column":40}},"3":{"start":{"line":5,"column":2},"end":{"line":5,"column":31}},"4":{"start":{"line":6,"column":2},"end":{"line":6,"column":51}},"5":{"start":{"line":7,"column":2},"end":{"line":7,"column":31}},"6":{"start":{"line":7,"column":28},"end":{"line":7,"column":30}},"7":{"start":{"line":8,"column":2},"end":{"line":8,"column":47}},"8":{"start":{"line":9,"column":2},"end":{"line":9,"column":32}},"9":{"start":{"line":10,"column":2},"end":{"line":10,"column":27}},"10":{"start":{"line":11,"column":2},"end":{"line":11,"column":40}},"11":{"start":{"line":12,"column":2},"end":{"line":12,"column":41}},"12":{"start":{"line":15,"column":2},"end":{"line":15,"column":33}},"13":{"start":{"line":17,"column":2},"end":{"line":17,"column":30}},"14":{"start":{"line":20,"column":2},"end":{"line":49,"column":9}},"15":{"start":{"line":31,"column":4},"end":{"line":31,"column":39}},"16":{"start":{"line":32,"column":4},"end":{"line":47,"column":6}},"17":{"start":{"line":32,"column":12},"end":{"line":47,"column":6}},"18":{"start":{"line":34,"column":8},"end":{"line":34,"column":44}},"19":{"start":{"line":35,"column":8},"end":{"line":35,"column":35}},"20":{"start":{"line":36,"column":8},"end":{"line":36,"column":37}},"21":{"start":{"line":37,"column":8},"end":{"line":37,"column":43}},"22":{"start":{"line":38,"column":8},"end":{"line":43,"column":9}},"23":{"start":{"line":39,"column":10},"end":{"line":39,"column":32}},"24":{"start":{"line":40,"column":10},"end":{"line":42,"column":11}},"25":{"start":{"line":41,"column":12},"end":{"line":41,"column":52}},"26":{"start":{"line":44,"column":8},"end":{"line":44,"column":37}},"27":{"start":{"line":44,"column":21},"end":{"line":44,"column":37}},"28":{"start":{"line":45,"column":8},"end":{"line":45,"column":22}},"29":{"start":{"line":48,"column":4},"end":{"line":48,"column":22}},"30":{"start":{"line":52,"column":2},"end":{"line":96,"column":4}},"31":{"start":{"line":55,"column":6},"end":{"line":57,"column":7}},"32":{"start":{"line":56,"column":8},"end":{"line":56,"column":63}},"33":{"start":{"line":61,"column":8},"end":{"line":61,"column":22}},"34":{"start":{"line":65,"column":8},"end":{"line":65,"column":30}},"35":{"start":{"line":69,"column":6},"end":{"line":84,"column":7}},"36":{"start":{"line":71,"column":10},"end":{"line":71,"column":30}},"37":{"start":{"line":74,"column":10},"end":{"line":74,"column":29}},"38":{"start":{"line":76,"column":10},"end":{"line":76,"column":30}},"39":{"start":{"line":76,"column":23},"end":{"line":76,"column":29}},"40":{"start":{"line":78,"column":10},"end":{"line":81,"column":13}},"41":{"start":{"line":82,"column":10},"end":{"line":82,"column":61}},"42":{"start":{"line":83,"column":10},"end":{"line":83,"column":23}},"43":{"start":{"line":88,"column":6},"end":{"line":93,"column":7}},"44":{"start":{"line":89,"column":8},"end":{"line":89,"column":39}},"45":{"start":{"line":90,"column":8},"end":{"line":90,"column":45}},"46":{"start":{"line":91,"column":8},"end":{"line":91,"column":53}},"47":{"start":{"line":92,"column":8},"end":{"line":92,"column":50}},"48":{"start":{"line":92,"column":21},"end":{"line":92,"column":50}},"49":{"start":{"line":94,"column":6},"end":{"line":94,"column":18}},"50":{"start":{"line":98,"column":2},"end":{"line":107,"column":3}},"51":{"start":{"line":99,"column":4},"end":{"line":106,"column":45}},"52":{"start":{"line":109,"column":2},"end":{"line":117,"column":3}},"53":{"start":{"line":110,"column":4},"end":{"line":110,"column":32}},"54":{"start":{"line":111,"column":4},"end":{"line":111,"column":33}},"55":{"start":{"line":112,"column":4},"end":{"line":112,"column":51}},"56":{"start":{"line":113,"column":4},"end":{"line":115,"column":5}},"57":{"start":{"line":114,"column":6},"end":{"line":114,"column":51}},"58":{"start":{"line":116,"column":4},"end":{"line":116,"column":50}},"59":{"start":{"line":119,"column":2},"end":{"line":128,"column":3}},"60":{"start":{"line":120,"column":4},"end":{"line":120,"column":35}},"61":{"start":{"line":121,"column":4},"end":{"line":121,"column":37}},"62":{"start":{"line":122,"column":4},"end":{"line":122,"column":55}},"63":{"start":{"line":123,"column":4},"end":{"line":126,"column":5}},"64":{"start":{"line":124,"column":6},"end":{"line":124,"column":31}},"65":{"start":{"line":125,"column":6},"end":{"line":125,"column":57}},"66":{"start":{"line":127,"column":4},"end":{"line":127,"column":43}},"67":{"start":{"line":130,"column":2},"end":{"line":133,"column":3}},"68":{"start":{"line":131,"column":4},"end":{"line":131,"column":28}},"69":{"start":{"line":132,"column":4},"end":{"line":132,"column":50}},"70":{"start":{"line":135,"column":2},"end":{"line":148,"column":3}},"71":{"start":{"line":136,"column":4},"end":{"line":147,"column":5}},"72":{"start":{"line":137,"column":6},"end":{"line":139,"column":55}},"73":{"start":{"line":140,"column":11},"end":{"line":147,"column":5}},"74":{"start":{"line":141,"column":6},"end":{"line":141,"column":77}},"75":{"start":{"line":142,"column":6},"end":{"line":144,"column":56}},"76":{"start":{"line":146,"column":6},"end":{"line":146,"column":27}},"77":{"start":{"line":150,"column":2},"end":{"line":153,"column":3}},"78":{"start":{"line":151,"column":4},"end":{"line":151,"column":47}},"79":{"start":{"line":151,"column":17},"end":{"line":151,"column":47}},"80":{"start":{"line":152,"column":4},"end":{"line":152,"column":18}},"81":{"start":{"line":155,"column":2},"end":{"line":165,"column":4}},"82":{"start":{"line":156,"column":4},"end":{"line":156,"column":69}},"83":{"start":{"line":157,"column":4},"end":{"line":157,"column":59}},"84":{"start":{"line":158,"column":4},"end":{"line":159,"column":69}},"85":{"start":{"line":159,"column":18},"end":{"line":159,"column":59}},"86":{"start":{"line":159,"column":43},"end":{"line":159,"column":58}},"87":{"start":{"line":160,"column":4},"end":{"line":160,"column":30}},"88":{"start":{"line":161,"column":4},"end":{"line":161,"column":34}},"89":{"start":{"line":162,"column":4},"end":{"line":163,"column":57}},"90":{"start":{"line":163,"column":6},"end":{"line":163,"column":55}},"91":{"start":{"line":164,"column":4},"end":{"line":164,"column":17}},"92":{"start":{"line":167,"column":2},"end":{"line":168,"column":64}},"93":{"start":{"line":168,"column":4},"end":{"line":168,"column":63}},"94":{"start":{"line":168,"column":26},"end":{"line":168,"column":55}},"95":{"start":{"line":170,"column":2},"end":{"line":170,"column":22}},"96":{"start":{"line":174,"column":0},"end":{"line":174,"column":52}},"97":{"start":{"line":174,"column":6},"end":{"line":174,"column":36}}},"branchMap":{"1":{"line":32,"type":"if","locations":[{"start":{"line":32,"column":4},"end":{"line":32,"column":4}},{"start":{"line":32,"column":4},"end":{"line":32,"column":4}}]},"2":{"line":40,"type":"if","locations":[{"start":{"line":40,"column":10},"end":{"line":40,"column":10}},{"start":{"line":40,"column":10},"end":{"line":40,"column":10}}]},"3":{"line":40,"type":"binary-expr","locations":[{"start":{"line":40,"column":14},"end":{"line":40,"column":19}},{"start":{"line":40,"column":23},"end":{"line":40,"column":48}}]},"4":{"line":44,"type":"if","locations":[{"start":{"line":44,"column":8},"end":{"line":44,"column":8}},{"start":{"line":44,"column":8},"end":{"line":44,"column":8}}]},"5":{"line":55,"type":"if","locations":[{"start":{"line":55,"column":6},"end":{"line":55,"column":6}},{"start":{"line":55,"column":6},"end":{"line":55,"column":6}}]},"6":{"line":55,"type":"binary-expr","locations":[{"start":{"line":55,"column":10},"end":{"line":55,"column":24}},{"start":{"line":55,"column":28},"end":{"line":55,"column":47}},{"start":{"line":55,"column":51},"end":{"line":55,"column":71}}]},"7":{"line":69,"type":"switch","locations":[{"start":{"line":70,"column":8},"end":{"line":71,"column":30}},{"start":{"line":72,"column":8},"end":{"line":72,"column":34}},{"start":{"line":73,"column":8},"end":{"line":74,"column":29}},{"start":{"line":75,"column":8},"end":{"line":76,"column":30}},{"start":{"line":77,"column":8},"end":{"line":83,"column":23}}]},"8":{"line":88,"type":"if","locations":[{"start":{"line":88,"column":6},"end":{"line":88,"column":6}},{"start":{"line":88,"column":6},"end":{"line":88,"column":6}}]},"9":{"line":88,"type":"cond-expr","locations":[{"start":{"line":88,"column":28},"end":{"line":88,"column":40}},{"start":{"line":88,"column":43},"end":{"line":88,"column":49}}]},"10":{"line":92,"type":"if","locations":[{"start":{"line":92,"column":8},"end":{"line":92,"column":8}},{"start":{"line":92,"column":8},"end":{"line":92,"column":8}}]},"11":{"line":99,"type":"cond-expr","locations":[{"start":{"line":100,"column":6},"end":{"line":100,"column":42}},{"start":{"line":101,"column":7},"end":{"line":106,"column":43}}]},"12":{"line":101,"type":"cond-expr","locations":[{"start":{"line":102,"column":9},"end":{"line":104,"column":38}},{"start":{"line":106,"column":8},"end":{"line":106,"column":43}}]},"13":{"line":102,"type":"cond-expr","locations":[{"start":{"line":103,"column":10},"end":{"line":103,"column":37}},{"start":{"line":104,"column":10},"end":{"line":104,"column":38}}]},"14":{"line":136,"type":"if","locations":[{"start":{"line":136,"column":4},"end":{"line":136,"column":4}},{"start":{"line":136,"column":4},"end":{"line":136,"column":4}}]},"15":{"line":137,"type":"cond-expr","locations":[{"start":{"line":138,"column":8},"end":{"line":138,"column":36}},{"start":{"line":139,"column":8},"end":{"line":139,"column":54}}]},"16":{"line":140,"type":"if","locations":[{"start":{"line":140,"column":11},"end":{"line":140,"column":11}},{"start":{"line":140,"column":11},"end":{"line":140,"column":11}}]},"17":{"line":140,"type":"binary-expr","locations":[{"start":{"line":140,"column":14},"end":{"line":140,"column":19}},{"start":{"line":140,"column":23},"end":{"line":140,"column":48}}]},"18":{"line":141,"type":"cond-expr","locations":[{"start":{"line":141,"column":54},"end":{"line":141,"column":68}},{"start":{"line":141,"column":71},"end":{"line":141,"column":76}}]},"19":{"line":142,"type":"cond-expr","locations":[{"start":{"line":143,"column":9},"end":{"line":143,"column":45}},{"start":{"line":144,"column":8},"end":{"line":144,"column":55}}]},"20":{"line":151,"type":"if","locations":[{"start":{"line":151,"column":4},"end":{"line":151,"column":4}},{"start":{"line":151,"column":4},"end":{"line":151,"column":4}}]},"21":{"line":156,"type":"cond-expr","locations":[{"start":{"line":156,"column":49},"end":{"line":156,"column":50}},{"start":{"line":156,"column":53},"end":{"line":156,"column":68}}]},"22":{"line":157,"type":"cond-expr","locations":[{"start":{"line":157,"column":36},"end":{"line":157,"column":41}},{"start":{"line":157,"column":44},"end":{"line":157,"column":58}}]},"23":{"line":158,"type":"binary-expr","locations":[{"start":{"line":158,"column":20},"end":{"line":158,"column":40}},{"start":{"line":159,"column":6},"end":{"line":159,"column":68}}]},"24":{"line":168,"type":"cond-expr","locations":[{"start":{"line":168,"column":42},"end":{"line":168,"column":46}},{"start":{"line":168,"column":49},"end":{"line":168,"column":55}}]},"25":{"line":168,"type":"binary-expr","locations":[{"start":{"line":168,"column":27},"end":{"line":168,"column":28}},{"start":{"line":168,"column":32},"end":{"line":168,"column":38}}]}}}}