TN:
SF:/home/webreflection/code/introspected/introspected.js
FN:34,(anonymous_1)
FN:54,(anonymous_2)
FN:61,(anonymous_3)
FN:65,(anonymous_4)
FN:69,(anonymous_5)
FN:88,(anonymous_6)
FN:98,importArray
FN:107,importObject
FN:118,register
FN:128,setValue
FN:147,wrap
FN:153,Introspected
FN:161,(anonymous_13)
FNF:13
FNH:13
FNDA:6,(anonymous_1)
FNDA:2,(anonymous_2)
FNDA:16,(anonymous_3)
FNDA:3,(anonymous_4)
FNDA:96,(anonymous_5)
FNDA:16,(anonymous_6)
FNDA:9,importArray
FNDA:15,importObject
FNDA:61,register
FNDA:63,setValue
FNDA:61,wrap
FNDA:18,Introspected
FNDA:22,(anonymous_13)
DA:2,1
DA:5,1
DA:6,1
DA:7,1
DA:8,1
DA:9,1
DA:10,4
DA:11,1
DA:12,1
DA:13,1
DA:14,1
DA:18,1
DA:21,1
DA:32,9
DA:33,9
DA:35,6
DA:36,6
DA:37,6
DA:38,6
DA:39,21
DA:40,21
DA:41,6
DA:44,6
DA:45,6
DA:48,9
DA:52,1
DA:55,2
DA:56,1
DA:58,2
DA:62,16
DA:66,3
DA:70,96
DA:72,30
DA:75,4
DA:77,41
DA:79,21
DA:80,21
DA:89,16
DA:90,15
DA:91,15
DA:92,15
DA:94,16
DA:98,1
DA:99,9
DA:100,9
DA:101,9
DA:102,22
DA:104,9
DA:107,1
DA:108,15
DA:109,15
DA:110,15
DA:111,15
DA:112,12
DA:113,12
DA:115,15
DA:118,1
DA:119,61
DA:124,61
DA:125,61
DA:128,1
DA:129,63
DA:130,10
DA:134,53
DA:135,21
DA:137,21
DA:143,32
DA:147,1
DA:148,61
DA:153,1
DA:154,18
DA:155,18
DA:159,16
DA:160,16
DA:162,22
DA:163,22
DA:168,16
DA:169,16
DA:170,8
DA:172,16
DA:173,5
DA:174,5
DA:176,16
DA:178,2
DA:179,1
DA:181,1
DA:183,2
DA:187,1
DA:189,1
DA:190,7
DA:192,1
DA:196,1
LF:92
LH:92
BRDA:33,1,0,8
BRDA:33,1,1,1
BRDA:40,2,0,6
BRDA:40,2,1,15
BRDA:40,3,0,21
BRDA:40,3,1,6
BRDA:55,4,0,1
BRDA:55,4,1,1
BRDA:55,5,0,2
BRDA:55,5,1,1
BRDA:55,5,2,1
BRDA:70,6,0,30
BRDA:70,6,1,2
BRDA:70,6,2,4
BRDA:70,6,3,41
BRDA:70,6,4,21
BRDA:89,7,0,15
BRDA:89,7,1,1
BRDA:89,8,0,2
BRDA:89,8,1,14
BRDA:129,9,0,10
BRDA:129,9,1,53
BRDA:131,10,0,10
BRDA:131,10,1,9
BRDA:134,11,0,21
BRDA:134,11,1,32
BRDA:134,12,0,53
BRDA:134,12,1,21
BRDA:135,13,0,5
BRDA:135,13,1,16
BRDA:137,14,0,1
BRDA:137,14,1,20
BRDA:139,15,0,20
BRDA:139,15,1,15
BRDA:148,16,0,13
BRDA:148,16,1,48
BRDA:155,17,0,16
BRDA:155,17,1,2
BRDA:155,18,0,18
BRDA:155,18,1,16
BRDA:155,18,2,14
BRDA:159,19,0,12
BRDA:159,19,1,4
BRDA:159,20,0,16
BRDA:159,20,1,14
BRDA:169,21,0,14
BRDA:169,21,1,2
BRDA:172,22,0,5
BRDA:172,22,1,11
BRDA:178,23,0,1
BRDA:178,23,1,1
BRDA:190,24,0,3
BRDA:190,24,1,4
BRDA:190,25,0,7
BRDA:190,25,1,4
BRF:55
BRH:55
end_of_record
