TN:
SF:/home/webreflection/code/introspected/introspected.js
FN:34,(anonymous_1)
FN:54,(anonymous_2)
FN:60,(anonymous_3)
FN:64,(anonymous_4)
FN:68,(anonymous_5)
FN:87,(anonymous_6)
FN:97,importArray
FN:106,importObject
FN:117,register
FN:127,setValue
FN:146,wrap
FN:152,Introspected
FN:160,(anonymous_13)
FNF:13
FNH:13
FNDA:6,(anonymous_1)
FNDA:2,(anonymous_2)
FNDA:11,(anonymous_3)
FNDA:3,(anonymous_4)
FNDA:88,(anonymous_5)
FNDA:16,(anonymous_6)
FNDA:9,importArray
FNDA:15,importObject
FNDA:52,register
FNDA:63,setValue
FNDA:52,wrap
FNDA:18,Introspected
FNDA:22,(anonymous_13)
DA:2,1
DA:5,1
DA:6,1
DA:7,1
DA:8,1
DA:9,1
DA:10,4
DA:11,1
DA:12,1
DA:13,1
DA:14,1
DA:18,1
DA:21,1
DA:32,9
DA:33,9
DA:35,6
DA:36,6
DA:37,6
DA:38,6
DA:39,21
DA:40,21
DA:41,6
DA:44,6
DA:45,6
DA:48,9
DA:52,1
DA:55,2
DA:56,1
DA:61,11
DA:65,3
DA:69,88
DA:71,31
DA:74,4
DA:76,41
DA:78,12
DA:79,12
DA:88,16
DA:89,15
DA:90,15
DA:91,15
DA:93,16
DA:97,1
DA:98,9
DA:99,9
DA:100,9
DA:101,22
DA:103,9
DA:106,1
DA:107,15
DA:108,15
DA:109,15
DA:110,15
DA:111,12
DA:112,12
DA:114,15
DA:117,1
DA:118,52
DA:123,52
DA:124,52
DA:127,1
DA:128,63
DA:129,10
DA:133,53
DA:134,21
DA:136,21
DA:142,32
DA:146,1
DA:147,52
DA:152,1
DA:153,18
DA:154,18
DA:158,16
DA:159,16
DA:161,22
DA:162,22
DA:167,16
DA:168,16
DA:169,8
DA:171,16
DA:172,5
DA:173,5
DA:175,16
DA:177,2
DA:178,1
DA:180,1
DA:182,2
DA:186,1
DA:188,1
DA:189,7
DA:191,1
DA:195,1
LF:91
LH:91
BRDA:33,1,0,8
BRDA:33,1,1,1
BRDA:40,2,0,6
BRDA:40,2,1,15
BRDA:40,3,0,21
BRDA:40,3,1,6
BRDA:55,4,0,1
BRDA:55,4,1,1
BRDA:55,5,0,2
BRDA:55,5,1,1
BRDA:55,5,2,1
BRDA:69,6,0,31
BRDA:69,6,1,2
BRDA:69,6,2,4
BRDA:69,6,3,41
BRDA:69,6,4,12
BRDA:88,7,0,15
BRDA:88,7,1,1
BRDA:88,8,0,2
BRDA:88,8,1,14
BRDA:128,9,0,10
BRDA:128,9,1,53
BRDA:130,10,0,10
BRDA:130,10,1,9
BRDA:133,11,0,21
BRDA:133,11,1,32
BRDA:133,12,0,53
BRDA:133,12,1,21
BRDA:134,13,0,5
BRDA:134,13,1,16
BRDA:136,14,0,1
BRDA:136,14,1,20
BRDA:138,15,0,20
BRDA:138,15,1,15
BRDA:147,16,0,13
BRDA:147,16,1,39
BRDA:154,17,0,16
BRDA:154,17,1,2
BRDA:154,18,0,18
BRDA:154,18,1,16
BRDA:154,18,2,14
BRDA:158,19,0,12
BRDA:158,19,1,4
BRDA:158,20,0,16
BRDA:158,20,1,14
BRDA:168,21,0,14
BRDA:168,21,1,2
BRDA:171,22,0,5
BRDA:171,22,1,11
BRDA:177,23,0,1
BRDA:177,23,1,1
BRDA:189,24,0,3
BRDA:189,24,1,4
BRDA:189,25,0,7
BRDA:189,25,1,4
BRF:55
BRH:55
end_of_record
